<<<<<<< HEAD
C51 COMPILER V9.53.0.0   INITDEVICE                                                        04/03/2017 16:18:38 PAGE 1   
=======
C51 COMPILER V9.53.0.0   INITDEVICE                                                        03/27/2017 20:44:18 PAGE 1   
>>>>>>> 761f6cccda0196bb932eb2af51c0029e5c02297c


C51 COMPILER V9.53.0.0, COMPILATION OF MODULE INITDEVICE
OBJECT MODULE PLACED IN .\src/InitDevice.OBJ
COMPILER INVOKED BY: Z:\Applications\Simplicity Studio.app\Contents\Eclipse\developer\toolchains\keil_8051\9.53\BIN\C51.
                    -exe /Users/camille/SimplicityStudio/v4_workspace/OpCodeOutput/src/InitDevice.c OMF2 SMALL DEBUG OBJECTEXTEND ROM(LARGE) 
<<<<<<< HEAD
                    -WARNINGLEVEL(2) FLOATFUZZY(3) OPTIMIZE(8,SPEED) DEFINE(DEBUG=1) INTVECTOR(0X0000) INTPROMOTE INCDIR(/Users/camille/Simpl
                    -icityStudio/v4_workspace/OpCodeOutput/inc;/Applications/Simplicity Studio.app/Contents/Eclipse/developer/sdks/8051/v4.0.
                    -3//Device/shared/si8051base;/Applications/Simplicity Studio.app/Contents/Eclipse/developer/sdks/8051/v4.0.3//Device/EFM8
                    -BB3/inc) PRINT(.\src/InitDevice.lst) COND PAGEWIDTH(120) PAGELENGTH(65) OBJECT(.\src/InitDevice.OBJ)
=======
                    -WARNINGLEVEL(2) FLOATFUZZY(3) OPTIMIZE(8,SPEED) DEFINE(DEBUG=1) INTVECTOR(0X0000) INTPROMOTE INCDIR(/Applications/Simpli
                    -city Studio.app/Contents/Eclipse/developer/sdks/8051/v4.0.3//Device/shared/si8051base;/Applications/Simplicity Studio.ap
                    -p/Contents/Eclipse/developer/sdks/8051/v4.0.3//Device/EFM8BB3/inc;/Users/camille/SimplicityStudio/v4_workspace/OpCodeOut
                    -put/inc) PRINT(.\src/InitDevice.lst) COND PAGEWIDTH(120) PAGELENGTH(65) OBJECT(.\src/InitDevice.OBJ)
>>>>>>> 761f6cccda0196bb932eb2af51c0029e5c02297c

line level    source

   1          //=========================================================
   2          // src/InitDevice.c: generated by Hardware Configurator
   3          //
   4          // This file will be regenerated when saving a document.
   5          // leave the sections inside the "$[...]" comment tags alone
   6          // or they will be overwritten!!
   7          //=========================================================
   8          
   9          // USER INCLUDES
  10          #include <SI_EFM8BB3_Register_Enums.h>
  11          #include "InitDevice.h"
  12          
  13          // USER PROTOTYPES
  14          // USER FUNCTIONS
  15          
  16          // $[Library Includes]
  17          // [Library Includes]$
  18          
  19          //==============================================================================
  20          // enter_DefaultMode_from_RESET
  21          //==============================================================================
  22          extern void enter_DefaultMode_from_RESET(void) {
  23   1              // $[Config Calls]
  24   1              // Save the SFRPAGE
  25   1              uint8_t SFRPAGE_save = SFRPAGE;
  26   1              PORTS_0_enter_DefaultMode_from_RESET();
  27   1              PORTS_1_enter_DefaultMode_from_RESET();
  28   1              PBCFG_0_enter_DefaultMode_from_RESET();
  29   1              // Restore the SFRPAGE
  30   1              SFRPAGE = SFRPAGE_save;
  31   1              // [Config Calls]$
  32   1      
  33   1      }
  34          
  35          //================================================================================
  36          // PORTS_0_enter_DefaultMode_from_RESET
  37          //================================================================================
  38          extern void PORTS_0_enter_DefaultMode_from_RESET(void) {
  39   1              // $[P0 - Port 0 Pin Latch]
  40   1              // [P0 - Port 0 Pin Latch]$
  41   1      
  42   1              // $[P0MDOUT - Port 0 Output Mode]
  43   1              /***********************************************************************
  44   1               - P0.0 output is push-pull
  45   1               - P0.1 output is push-pull
  46   1               - P0.2 output is open-drain
  47   1               - P0.3 output is open-drain
  48   1               - P0.4 output is push-pull
  49   1               - P0.5 output is push-pull
  50   1               - P0.6 output is push-pull
  51   1               - P0.7 output is push-pull
<<<<<<< HEAD
C51 COMPILER V9.53.0.0   INITDEVICE                                                        04/03/2017 16:18:38 PAGE 2   
=======
C51 COMPILER V9.53.0.0   INITDEVICE                                                        03/27/2017 20:44:18 PAGE 2   
>>>>>>> 761f6cccda0196bb932eb2af51c0029e5c02297c

  52   1               ***********************************************************************/
  53   1              SFRPAGE = 0x00;
  54   1              P0MDOUT = P0MDOUT_B0__PUSH_PULL | P0MDOUT_B1__PUSH_PULL
  55   1                              | P0MDOUT_B2__OPEN_DRAIN | P0MDOUT_B3__OPEN_DRAIN
  56   1                              | P0MDOUT_B4__PUSH_PULL | P0MDOUT_B5__PUSH_PULL
  57   1                              | P0MDOUT_B6__PUSH_PULL | P0MDOUT_B7__PUSH_PULL;
  58   1              // [P0MDOUT - Port 0 Output Mode]$
  59   1      
  60   1              // $[P0MDIN - Port 0 Input Mode]
  61   1              // [P0MDIN - Port 0 Input Mode]$
  62   1      
  63   1              // $[P0SKIP - Port 0 Skip]
  64   1              /***********************************************************************
  65   1               - P0.0 pin is skipped by the crossbar
  66   1               - P0.1 pin is skipped by the crossbar
  67   1               - P0.2 pin is not skipped by the crossbar
  68   1               - P0.3 pin is not skipped by the crossbar
  69   1               - P0.4 pin is skipped by the crossbar
  70   1               - P0.5 pin is skipped by the crossbar
  71   1               - P0.6 pin is skipped by the crossbar
  72   1               - P0.7 pin is skipped by the crossbar
  73   1               ***********************************************************************/
  74   1              P0SKIP = P0SKIP_B0__SKIPPED | P0SKIP_B1__SKIPPED | P0SKIP_B2__NOT_SKIPPED
  75   1                              | P0SKIP_B3__NOT_SKIPPED | P0SKIP_B4__SKIPPED | P0SKIP_B5__SKIPPED
  76   1                              | P0SKIP_B6__SKIPPED | P0SKIP_B7__SKIPPED;
  77   1              // [P0SKIP - Port 0 Skip]$
  78   1      
  79   1              // $[P0MASK - Port 0 Mask]
  80   1              // [P0MASK - Port 0 Mask]$
  81   1      
  82   1              // $[P0MAT - Port 0 Match]
  83   1              // [P0MAT - Port 0 Match]$
  84   1      
  85   1      }
  86          
  87          //================================================================================
  88          // PBCFG_0_enter_DefaultMode_from_RESET
  89          //================================================================================
  90          extern void PBCFG_0_enter_DefaultMode_from_RESET(void) {
  91   1              // $[XBR2 - Port I/O Crossbar 2]
  92   1              // [XBR2 - Port I/O Crossbar 2]$
  93   1      
  94   1              // $[PRTDRV - Port Drive Strength]
  95   1              // [PRTDRV - Port Drive Strength]$
  96   1      
  97   1              // $[XBR0 - Port I/O Crossbar 0]
  98   1              // [XBR0 - Port I/O Crossbar 0]$
  99   1      
 100   1              // $[XBR1 - Port I/O Crossbar 1]
 101   1              // [XBR1 - Port I/O Crossbar 1]$
 102   1      
 103   1      }
 104          
 105          extern void PORTS_1_enter_DefaultMode_from_RESET(void) {
 106   1              // $[P1 - Port 1 Pin Latch]
 107   1              // [P1 - Port 1 Pin Latch]$
 108   1      
 109   1              // $[P1MDOUT - Port 1 Output Mode]
 110   1              /***********************************************************************
 111   1               - P1.0 output is push-pull
 112   1               - P1.1 output is open-drain
 113   1               - P1.2 output is open-drain
<<<<<<< HEAD
 114   1               - P1.3 output is push-pull
C51 COMPILER V9.53.0.0   INITDEVICE                                                        04/03/2017 16:18:38 PAGE 3   
=======
 114   1               - P1.3 output is open-drain
C51 COMPILER V9.53.0.0   INITDEVICE                                                        03/27/2017 20:44:18 PAGE 3   
>>>>>>> 761f6cccda0196bb932eb2af51c0029e5c02297c

 115   1               - P1.4 output is open-drain
 116   1               - P1.5 output is open-drain
 117   1               - P1.6 output is open-drain
 118   1               - P1.7 output is open-drain
 119   1               ***********************************************************************/
 120   1              P1MDOUT = P1MDOUT_B0__PUSH_PULL | P1MDOUT_B1__OPEN_DRAIN
<<<<<<< HEAD
 121   1                              | P1MDOUT_B2__OPEN_DRAIN | P1MDOUT_B3__PUSH_PULL
=======
 121   1                              | P1MDOUT_B2__OPEN_DRAIN | P1MDOUT_B3__OPEN_DRAIN
>>>>>>> 761f6cccda0196bb932eb2af51c0029e5c02297c
 122   1                              | P1MDOUT_B4__OPEN_DRAIN | P1MDOUT_B5__OPEN_DRAIN
 123   1                              | P1MDOUT_B6__OPEN_DRAIN | P1MDOUT_B7__OPEN_DRAIN;
 124   1              // [P1MDOUT - Port 1 Output Mode]$
 125   1      
 126   1              // $[P1MDIN - Port 1 Input Mode]
 127   1              // [P1MDIN - Port 1 Input Mode]$
 128   1      
 129   1              // $[P1SKIP - Port 1 Skip]
 130   1              /***********************************************************************
 131   1               - P1.0 pin is skipped by the crossbar
 132   1               - P1.1 pin is not skipped by the crossbar
 133   1               - P1.2 pin is not skipped by the crossbar
<<<<<<< HEAD
 134   1               - P1.3 pin is skipped by the crossbar
=======
 134   1               - P1.3 pin is not skipped by the crossbar
>>>>>>> 761f6cccda0196bb932eb2af51c0029e5c02297c
 135   1               - P1.4 pin is not skipped by the crossbar
 136   1               - P1.5 pin is not skipped by the crossbar
 137   1               - P1.6 pin is not skipped by the crossbar
 138   1               - P1.7 pin is not skipped by the crossbar
 139   1               ***********************************************************************/
 140   1              P1SKIP = P1SKIP_B0__SKIPPED | P1SKIP_B1__NOT_SKIPPED
<<<<<<< HEAD
 141   1                              | P1SKIP_B2__NOT_SKIPPED | P1SKIP_B3__SKIPPED
=======
 141   1                              | P1SKIP_B2__NOT_SKIPPED | P1SKIP_B3__NOT_SKIPPED
>>>>>>> 761f6cccda0196bb932eb2af51c0029e5c02297c
 142   1                              | P1SKIP_B4__NOT_SKIPPED | P1SKIP_B5__NOT_SKIPPED
 143   1                              | P1SKIP_B6__NOT_SKIPPED | P1SKIP_B7__NOT_SKIPPED;
 144   1              // [P1SKIP - Port 1 Skip]$
 145   1      
 146   1              // $[P1MASK - Port 1 Mask]
 147   1              // [P1MASK - Port 1 Mask]$
 148   1      
 149   1              // $[P1MAT - Port 1 Match]
 150   1              // [P1MAT - Port 1 Match]$
 151   1      
 152   1      }
 153          


MODULE INFORMATION:   STATIC OVERLAYABLE
   CODE SIZE        =     34    ----
   CONSTANT SIZE    =   ----    ----
   XDATA SIZE       =   ----    ----
   PDATA SIZE       =   ----    ----
   DATA SIZE        =   ----       1
   IDATA SIZE       =   ----    ----
   BIT SIZE         =   ----    ----
   EDATA SIZE       =   ----    ----
   HDATA SIZE       =   ----    ----
   XDATA CONST SIZE =   ----    ----
   FAR CONST SIZE   =   ----    ----
END OF MODULE INFORMATION.


C51 COMPILATION COMPLETE.  0 WARNING(S),  0 ERROR(S)
