C51 COMPILER V9.53.0.0   MAIN                                                              03/27/2017 18:48:54 PAGE 1   


C51 COMPILER V9.53.0.0, COMPILATION OF MODULE MAIN
OBJECT MODULE PLACED IN .\src/main.OBJ
COMPILER INVOKED BY: Z:\Applications\Simplicity Studio.app\Contents\Eclipse\developer\toolchains\keil_8051\9.53\BIN\C51.
                    -exe /Users/camille/SimplicityStudio/v4_workspace/OpCodeOutput/src/main.c OMF2 SMALL DEBUG OBJECTEXTEND ROM(LARGE) WARNIN
                    -GLEVEL(2) FLOATFUZZY(3) OPTIMIZE(8,SPEED) DEFINE(DEBUG=1) INTVECTOR(0X0000) INTPROMOTE INCDIR(/Applications/Simplicity S
                    -tudio.app/Contents/Eclipse/developer/sdks/8051/v4.0.3//Device/shared/si8051base;/Applications/Simplicity Studio.app/Cont
                    -ents/Eclipse/developer/sdks/8051/v4.0.3//Device/EFM8BB3/inc) PRINT(.\src/main.lst) COND PAGEWIDTH(120) PAGELENGTH(65) OB
                    -JECT(.\src/main.OBJ)

line level    source

   1          
   2          //-----------------------------------------------------------------------------
   3          // Includes
   4          //-----------------------------------------------------------------------------
   5          #include <SI_EFM8BB3_Register_Enums.h>                // SFR declarations
   6          
   7          //initialize pins
   8          
   9          ///////////////////////////////////////////////////////////////////////////////
  10          // Supporting Functions
  11          ///////////////////////////////////////////////////////////////////////////////
  12          static const int DELAY = 25000;
  13          
  14          static void setOpPins(char * operation) {
  15   1              if (operation == "ADD") {
  16   2                      P0_B0 = 0;
  17   2                      P0_B1 = 0;
  18   2              }
  19   1              else if (operation == "OR") {
  20   2                      P0_B0 = 0;
  21   2                      P0_B1 = 1;
  22   2              }
  23   1              else if (operation == "AND") {
  24   2                      P0_B0 = 1;
  25   2                      P0_B1 = 0;
  26   2              }
  27   1      }
  28          
  29          static void setDataPins(int i) {
  30   1              //assume i is a decimal integer less than 32
  31   1              int remainder;
  32   1              int data[4];
*** ERROR C141 IN LINE 32 OF /Users/camille/SimplicityStudio/v4_workspace/OpCodeOutput/src/main.c: syntax error near '['
*** ERROR C141 IN LINE 32 OF /Users/camille/SimplicityStudio/v4_workspace/OpCodeOutput/src/main.c: syntax error near ']'
  33   1              int index = 0;
*** ERROR C141 IN LINE 33 OF /Users/camille/SimplicityStudio/v4_workspace/OpCodeOutput/src/main.c: syntax error near 'in
             -t'
*** ERROR C202 IN LINE 33 OF /Users/camille/SimplicityStudio/v4_workspace/OpCodeOutput/src/main.c: 'index': undefined id
             -entifier
  34   1              //converts decimal to binary
  35   1              while(i != 0) {
  36   2                      remainder = i%2;
  37   2                      i = i/2;
  38   2                      data(index) = remainder;
*** ERROR C141 IN LINE 38 OF /Users/camille/SimplicityStudio/v4_workspace/OpCodeOutput/src/main.c: syntax error near 'da
             -ta'
*** ERROR C202 IN LINE 38 OF /Users/camille/SimplicityStudio/v4_workspace/OpCodeOutput/src/main.c: 'index': undefined id
             -entifier
  39   2                      index++;
*** ERROR C202 IN LINE 39 OF /Users/camille/SimplicityStudio/v4_workspace/OpCodeOutput/src/main.c: 'index': undefined id
             -entifier
C51 COMPILER V9.53.0.0   MAIN                                                              03/27/2017 18:48:54 PAGE 2   

  40   2              }
  41   1              //sets data pins
  42   1              P0_B2 = data[0]; //least significant bit
*** ERROR C141 IN LINE 42 OF /Users/camille/SimplicityStudio/v4_workspace/OpCodeOutput/src/main.c: syntax error near 'da
             -ta'
*** ERROR C141 IN LINE 42 OF /Users/camille/SimplicityStudio/v4_workspace/OpCodeOutput/src/main.c: syntax error near ']'
  43   1              P0_B3 = data[1];
*** ERROR C141 IN LINE 43 OF /Users/camille/SimplicityStudio/v4_workspace/OpCodeOutput/src/main.c: syntax error near 'da
             -ta'
*** ERROR C141 IN LINE 43 OF /Users/camille/SimplicityStudio/v4_workspace/OpCodeOutput/src/main.c: syntax error near ']'
  44   1              P0_B4 = data[2];
*** ERROR C141 IN LINE 44 OF /Users/camille/SimplicityStudio/v4_workspace/OpCodeOutput/src/main.c: syntax error near 'da
             -ta'
*** ERROR C141 IN LINE 44 OF /Users/camille/SimplicityStudio/v4_workspace/OpCodeOutput/src/main.c: syntax error near ']'
  45   1              P0_B5 = data[3];
*** ERROR C141 IN LINE 45 OF /Users/camille/SimplicityStudio/v4_workspace/OpCodeOutput/src/main.c: syntax error near 'da
             -ta'
*** ERROR C141 IN LINE 45 OF /Users/camille/SimplicityStudio/v4_workspace/OpCodeOutput/src/main.c: syntax error near ']'
  46   1      }
  47          
  48          static void clock() {
  49   1              P0_B6 = 1;
  50   1              delay();
  51   1              P0_B6 = 0;
  52   1              delay();
  53   1      }
  54          
  55          static void delay() {
  56   1              for (int x = 0; x < DELAY; x++) {}
  57   1      }
  58          
  59          //-----------------------------------------------------------------------------
  60          // main() Routine
  61          // ----------------------------------------------------------------------------
  62          
  63          int main (void)
  64          {
  65   1              XBR2 |= 0x40; //Enable Crossbar so we can easily turn pins on and off.
  66   1      
  67   1              setDataPins(2);
  68   1              while (1) {
  69   2                      //if button pressed
  70   2      
  71   2                              //execute list of operations
  72   2      
  73   2      
  74   2              }
  75   1      }

C51 COMPILATION COMPLETE.  0 WARNING(S),  15 ERROR(S)
